<?xml version="1.0" encoding="UTF-8"?>
<!-- Generated by org.testng.reporters.JUnitXMLReporter -->
<testsuite ignored="0" hostname="COLLABPH1002991" failures="0" tests="2" name="Scenario 3 - Validate Products and Cart " time="45.903" errors="0" timestamp="2023-11-03T10:47:03 PST">
  <testcase classname="scripts.TC2_ProductsAndCart" name="validateProductsNavigation" time="31.423"/>
  <testcase classname="scripts.TC2_ProductsAndCart" name="addToCartByProductName" time="9.578"/>
</testsuite> <!-- Scenario 3 - Validate Products and Cart  -->
