<?xml version="1.0" encoding="UTF-8"?>
<!-- Generated by org.testng.reporters.JUnitXMLReporter -->
<testsuite ignored="1" hostname="COLLABPH1002991" failures="0" tests="2" name="Scenario 1 - Open and Create an Account" time="68.482" errors="0" timestamp="2023-11-01T22:12:11 PST">
  <testcase classname="scripts.TC1_CreateAccount" name="validateHomePage" time="4.354"/>
  <testcase classname="scripts.TC1_CreateAccount" name="createAccount" time="57.87"/>
  <testcase classname="scripts.TC1_CreateAccount" name="invalidAccount" time="0.0">
    <ignored/>
  </testcase> <!-- invalidAccount -->
</testsuite> <!-- Scenario 1 - Open and Create an Account -->
