<?xml version="1.0" encoding="UTF-8"?>
<!-- Generated by org.testng.reporters.JUnitXMLReporter -->
<testsuite ignored="1" hostname="COLLABPH1002991" failures="0" tests="2" name="Scenario 2 - Validate Error Message for Account Creation" time="10.316" errors="0" timestamp="2023-11-01T22:12:21 PST">
  <testcase classname="scripts.TC1_CreateAccount" name="validateHomePage" time="4.479"/>
  <testcase classname="scripts.TC1_CreateAccount" name="invalidAccount" time="0.665"/>
  <testcase classname="scripts.TC1_CreateAccount" name="createAccount" time="0.0">
    <ignored/>
  </testcase> <!-- createAccount -->
</testsuite> <!-- Scenario 2 - Validate Error Message for Account Creation -->
