<?xml version="1.0" encoding="UTF-8"?>
<!-- Generated by org.testng.reporters.JUnitXMLReporter -->
<testsuite ignored="1" hostname="COLLABPH1002991" failures="0" tests="2" name="Scenario 1 - Open and Create an Account" time="61.339" errors="0" timestamp="2023-11-03T10:46:08 PST">
  <testcase classname="scripts.TC1_CreateAccount" name="validateHomePage" time="4.388"/>
  <testcase classname="scripts.TC1_CreateAccount" name="createAccount" time="51.336"/>
  <testcase classname="scripts.TC1_CreateAccount" name="invalidAccount" time="0.0">
    <ignored/>
  </testcase> <!-- invalidAccount -->
</testsuite> <!-- Scenario 1 - Open and Create an Account -->
