<?xml version="1.0" encoding="UTF-8"?>
<!-- Generated by org.testng.reporters.JUnitXMLReporter -->
<testsuite ignored="0" hostname="COLLABPH1002991" failures="0" tests="2" name="Scenario 3 - Validate Navigation of Products Page" time="71.538" errors="0" timestamp="2023-11-02T15:01:05 PST">
  <testcase classname="scripts.TC2_ProductsAndCart" name="validateProductsNavigation" time="43.56"/>
  <testcase classname="scripts.TC2_ProductsAndCart" name="addToCartByProductName" time="13.395"/>
</testsuite> <!-- Scenario 3 - Validate Navigation of Products Page -->
