<?xml version="1.0" encoding="UTF-8"?>
<!-- Generated by org.testng.reporters.JUnitXMLReporter -->
<testsuite ignored="2" hostname="COLLABPH1002991" failures="0" tests="1" name="Scenario 2 - Validate Error Message for Account Creation" time="9.536" errors="0" timestamp="2023-11-03T10:46:17 PST">
  <testcase classname="scripts.TC1_CreateAccount" name="invalidAccount" time="4.802"/>
  <testcase classname="scripts.TC1_CreateAccount" name="validateHomePage" time="0.0">
    <ignored/>
  </testcase> <!-- validateHomePage -->
  <testcase classname="scripts.TC1_CreateAccount" name="createAccount" time="0.0">
    <ignored/>
  </testcase> <!-- createAccount -->
</testsuite> <!-- Scenario 2 - Validate Error Message for Account Creation -->
