<?xml version="1.0" encoding="UTF-8"?>
<testng-results ignored="0" total="2" passed="2" failed="0" skipped="0">
  <reporter-output>
  </reporter-output>
  <suite started-at="2023-11-02T14:59:53 PST" name="Suite" finished-at="2023-11-02T15:01:04 PST" duration-ms="71538">
    <groups>
    </groups>
    <test started-at="2023-11-02T14:59:53 PST" name="Scenario 3 - Validate Navigation of Products Page" finished-at="2023-11-02T15:01:04 PST" duration-ms="71538">
      <class name="scripts.TC2_ProductsAndCart">
        <test-method is-config="true" signature="startServerwithApp()[pri:0, instance:scripts.TC2_ProductsAndCart@f5958c9]" started-at="2023-11-02T14:59:53 PST" name="startServerwithApp" finished-at="2023-11-02T15:00:06 PST" duration-ms="13403" status="PASS">
          <reporter-output>
          </reporter-output>
        </test-method> <!-- startServerwithApp -->
        <test-method signature="validateProductsNavigation(java.lang.String,java.lang.String)[pri:0, instance:scripts.TC2_ProductsAndCart@f5958c9]" started-at="2023-11-02T15:00:06 PST" name="validateProductsNavigation" finished-at="2023-11-02T15:00:50 PST" duration-ms="43560" status="PASS">
          <params>
            <param index="0">
              <value>
                <![CDATA[Australia]]>
              </value>
            </param>
            <param index="1">
              <value>
                <![CDATA[VinceSerquena]]>
              </value>
            </param>
          </params>
          <reporter-output>
          </reporter-output>
        </test-method> <!-- validateProductsNavigation -->
        <test-method signature="addToCartByProductName(java.lang.String)[pri:0, instance:scripts.TC2_ProductsAndCart@f5958c9]" started-at="2023-11-02T15:00:50 PST" name="addToCartByProductName" finished-at="2023-11-02T15:01:03 PST" duration-ms="13395" status="PASS">
          <params>
            <param index="0">
              <value>
                <![CDATA[Converse All Star]]>
              </value>
            </param>
          </params>
          <reporter-output>
          </reporter-output>
        </test-method> <!-- addToCartByProductName -->
        <test-method is-config="true" signature="tearDown()[pri:0, instance:scripts.TC2_ProductsAndCart@f5958c9]" started-at="2023-11-02T15:01:03 PST" name="tearDown" finished-at="2023-11-02T15:01:04 PST" duration-ms="1057" status="PASS">
          <reporter-output>
          </reporter-output>
        </test-method> <!-- tearDown -->
      </class> <!-- scripts.TC2_ProductsAndCart -->
    </test> <!-- Scenario 3 - Validate Navigation of Products Page -->
  </suite> <!-- Suite -->
</testng-results>
