<?xml version="1.0" encoding="UTF-8"?>
<testng-results ignored="2" total="6" passed="4" failed="0" skipped="0">
  <reporter-output>
  </reporter-output>
  <suite started-at="2023-11-01T22:11:02 PST" name="Suite" finished-at="2023-11-01T22:12:21 PST" duration-ms="78854">
    <groups>
    </groups>
    <test started-at="2023-11-01T22:11:02 PST" name="Scenario 1 - Open and Create an Account" finished-at="2023-11-01T22:12:11 PST" duration-ms="68482">
      <class name="scripts.TC1_CreateAccount">
        <test-method is-config="true" signature="startServerwithApp()[pri:0, instance:scripts.TC1_CreateAccount@233795b6]" started-at="2023-11-01T22:11:02 PST" name="startServerwithApp" finished-at="2023-11-01T22:11:08 PST" duration-ms="5838" status="PASS">
          <reporter-output>
          </reporter-output>
        </test-method> <!-- startServerwithApp -->
        <test-method signature="validateHomePage()[pri:0, instance:scripts.TC1_CreateAccount@233795b6]" started-at="2023-11-01T22:11:08 PST" name="validateHomePage" finished-at="2023-11-01T22:11:12 PST" duration-ms="4354" status="PASS">
          <reporter-output>
          </reporter-output>
        </test-method> <!-- validateHomePage -->
        <test-method signature="createAccount(java.lang.String,java.lang.String)[pri:0, instance:scripts.TC1_CreateAccount@233795b6]" started-at="2023-11-01T22:11:12 PST" name="createAccount" finished-at="2023-11-01T22:12:10 PST" duration-ms="57870" status="PASS">
          <params>
            <param index="0">
              <value>
                <![CDATA[Philippines]]>
              </value>
            </param>
            <param index="1">
              <value>
                <![CDATA[VinceSerquena]]>
              </value>
            </param>
          </params>
          <reporter-output>
          </reporter-output>
        </test-method> <!-- createAccount -->
        <test-method is-config="true" signature="tearDown()[pri:0, instance:scripts.TC1_CreateAccount@233795b6]" started-at="2023-11-01T22:12:10 PST" name="tearDown" finished-at="2023-11-01T22:12:11 PST" duration-ms="387" status="PASS">
          <reporter-output>
          </reporter-output>
        </test-method> <!-- tearDown -->
      </class> <!-- scripts.TC1_CreateAccount -->
    </test> <!-- Scenario 1 - Open and Create an Account -->
    <test started-at="2023-11-01T22:12:11 PST" name="Scenario 2 - Validate Error Message for Account Creation" finished-at="2023-11-01T22:12:21 PST" duration-ms="10316">
      <class name="scripts.TC1_CreateAccount">
        <test-method is-config="true" signature="startServerwithApp()[pri:0, instance:scripts.TC1_CreateAccount@6200f9cb]" started-at="2023-11-01T22:12:11 PST" name="startServerwithApp" finished-at="2023-11-01T22:12:16 PST" duration-ms="4808" status="PASS">
          <reporter-output>
          </reporter-output>
        </test-method> <!-- startServerwithApp -->
        <test-method signature="validateHomePage()[pri:0, instance:scripts.TC1_CreateAccount@6200f9cb]" started-at="2023-11-01T22:12:16 PST" name="validateHomePage" finished-at="2023-11-01T22:12:20 PST" duration-ms="4479" status="PASS">
          <reporter-output>
          </reporter-output>
        </test-method> <!-- validateHomePage -->
        <test-method signature="invalidAccount()[pri:0, instance:scripts.TC1_CreateAccount@6200f9cb]" started-at="2023-11-01T22:12:20 PST" name="invalidAccount" finished-at="2023-11-01T22:12:21 PST" duration-ms="665" status="PASS">
          <reporter-output>
          </reporter-output>
        </test-method> <!-- invalidAccount -->
        <test-method is-config="true" signature="tearDown()[pri:0, instance:scripts.TC1_CreateAccount@6200f9cb]" started-at="2023-11-01T22:12:21 PST" name="tearDown" finished-at="2023-11-01T22:12:21 PST" duration-ms="359" status="PASS">
          <reporter-output>
          </reporter-output>
        </test-method> <!-- tearDown -->
      </class> <!-- scripts.TC1_CreateAccount -->
    </test> <!-- Scenario 2 - Validate Error Message for Account Creation -->
  </suite> <!-- Suite -->
</testng-results>
